# load the base data ../data/yahoomusic/yahoomusic_base.fvecs, 
# load the queries ../data/yahoomusic/yahoomusic_query.fvecs, 
# load the ground truth ../data/yahoomusic/50_yahoomusic_product_groundtruth.ivecs
# ranking metric product
# Subspace PQ, M: 1, Ks : 256, code_dtype: <class 'numpy.uint8'>Subspace PQ, M: 1, Ks : 256, code_dtype: <class 'numpy.uint8'>Subspace PQ, M: 1, Ks : 256, code_dtype: <class 'numpy.uint8'>Subspace PQ, M: 1, Ks : 256, code_dtype: <class 'numpy.uint8'>Subspace PQ, M: 1, Ks : 256, code_dtype: <class 'numpy.uint8'>Subspace PQ, M: 1, Ks : 256, code_dtype: <class 'numpy.uint8'>Subspace PQ, M: 1, Ks : 256, code_dtype: <class 'numpy.uint8'>Subspace PQ, M: 1, Ks : 256, code_dtype: <class 'numpy.uint8'>
#    Training the subspace: 0 / 1, 0 -> 300
# layer: 0,  residual average norm : 0.6392053365707397 max norm: 1.8925235271453857 min norm: 0.11763524264097214
#    Training the subspace: 0 / 1, 0 -> 300
# layer: 1,  residual average norm : 0.4906230568885803 max norm: 1.7396981716156006 min norm: 0.0
#    Training the subspace: 0 / 1, 0 -> 300
# layer: 2,  residual average norm : 0.4085284471511841 max norm: 1.6088778972625732 min norm: 0.0
#    Training the subspace: 0 / 1, 0 -> 300
# layer: 3,  residual average norm : 0.3514285981655121 max norm: 1.2946351766586304 min norm: 0.0
#    Training the subspace: 0 / 1, 0 -> 300
# layer: 4,  residual average norm : 0.30792850255966187 max norm: 1.2437067031860352 min norm: 0.0
#    Training the subspace: 0 / 1, 0 -> 300
# layer: 5,  residual average norm : 0.2729966342449188 max norm: 1.1373904943466187 min norm: 0.0
#    Training the subspace: 0 / 1, 0 -> 300
# layer: 6,  residual average norm : 0.24425768852233887 max norm: 1.0666238069534302 min norm: 0.0
#    Training the subspace: 0 / 1, 0 -> 300
# layer: 7,  residual average norm : 0.2201259434223175 max norm: 1.0392346382141113 min norm: 0.0
# compress items
# sorting items
# searching!
expected items, overall time, avg recall, avg precision, avg error, avg items
1, 0, 0.0197, 0.985, 0, 1
2, 0, 0.0394, 0.985, 0, 2
4, 0, 0.07796, 0.9745, 0, 4
8, 0, 0.1525, 0.953125, 0, 8
16, 0, 0.29012, 0.906625, 0, 16
32, 0, 0.511, 0.7984375, 0, 32
64, 0, 0.76062, 0.594234375, 0, 64
128, 0, 0.9163800000000001, 0.3579609375, 0, 128
256, 0, 0.97714, 0.19084765625, 0, 256
512, 0, 0.9941599999999999, 0.0970859375, 0, 512
1024, 0, 0.99862, 0.0487607421875, 0, 1024
2048, 0, 0.99966, 0.02440576171875, 0, 2048
4096, 0, 0.99992, 0.0122060546875, 0, 4096
8192, 0, 1.0, 0.006103515625, 0, 8192
16384, 0, 1.0, 0.0030517578125, 0, 16384
32768, 0, 1.0, 0.00152587890625, 0, 32768
65536, 0, 1.0, 0.000762939453125, 0, 65536
131072, 0, 1.0, 0.0003814697265625, 0, 131072
262144, 0, 1.0, 0.0003656681488415633, 0, 136736
